Command line:
   prog_count_7_isim_beh.exe
     -simmode  gui
     -simrunnum  0
     -socket  53256

Thu Feb 04 10:48:37 2021


 Elaboration Time: 0.0625 sec

 Current Memory Usage: 5150.14 Meg

 Total Signals          : 19
 Total Nets             : 36
 Total Signal Drivers   : 7
 Total Blocks           : 3
 Total Primitive Blocks : 2
 Total Processes        : 11
 Total Traceable Variables  : 20
 Total Scalar Nets and Variables : 130
Total Line Count : 28

 Total Simulation Time: 0.078125 sec

 Current Memory Usage: 5150.14 Meg

Thu Feb 04 10:48:47 2021

